<?xml version="1.0" encoding="UTF-8"?>
<!-- Generated by org.testng.reporters.JUnitXMLReporter -->
<testsuite hostname="Saran" ignored="0" name="Default test" tests="8" failures="0" timestamp="2021-07-12T10:52:47 IST" time="167.473" errors="0">
  <testcase name="login" time="9.638" classname="com.sra.qa.Testcases.processedInvoiceTrans"/>
  <testcase name="selectcompany" time="0.042" classname="com.sra.qa.Testcases.processedInvoiceTrans"/>
  <testcase name="invoiceupload" time="53.341" classname="com.sra.qa.Testcases.processedInvoiceTrans"/>
  <testcase name="questionraising" time="34.354" classname="com.sra.qa.Testcases.processedInvoiceTrans"/>
  <testcase name="transactions" time="16.527" classname="com.sra.qa.Testcases.processedInvoiceTrans"/>
  <testcase name="editTransaction" time="23.911" classname="com.sra.qa.Testcases.processedInvoiceTrans"/>
  <testcase name="cocKpitcount" time="8.91" classname="com.sra.qa.Testcases.processedInvoiceTrans"/>
  <testcase name="deletedInvoice" time="17.127" classname="com.sra.qa.Testcases.processedInvoiceTrans"/>
</testsuite> <!-- Default test -->
