<?xml version="1.0" encoding="UTF-8"?>
<!-- Generated by org.testng.reporters.JUnitXMLReporter -->
<testsuite hostname="Saran" ignored="0" name="Nopackage1" tests="4" failures="0" timestamp="2021-07-12T18:21:07 IST" time="133.039" errors="0">
  <testcase name="login" time="15.509" classname="com.sra.qa.Testcases.Ocrfileuploads"/>
  <testcase name="selectcompany" time="0.111" classname="com.sra.qa.Testcases.Ocrfileuploads"/>
  <testcase name="invoiceupload" time="85.431" classname="com.sra.qa.Testcases.Ocrfileuploads"/>
  <testcase name="questionraising" time="24.342" classname="com.sra.qa.Testcases.Ocrfileuploads"/>
</testsuite> <!-- Nopackage1 -->
