<?xml version="1.0" encoding="UTF-8"?>
<!-- Generated by org.testng.reporters.JUnitXMLReporter -->
<testsuite hostname="Saran" ignored="0" name="regression2" tests="4" failures="0" timestamp="2021-07-12T18:24:34 IST" time="114.085" errors="0">
  <testcase name="login" time="15.974" classname="com.sra.qa.Testcases.OCRfieldchecking"/>
  <testcase name="selectadmin" time="0.057" classname="com.sra.qa.Testcases.OCRfieldchecking"/>
  <testcase name="invoiceupload" time="78.374" classname="com.sra.qa.Testcases.OCRfieldchecking"/>
  <testcase name="nextinvoice" time="14.103" classname="com.sra.qa.Testcases.OCRfieldchecking"/>
</testsuite> <!-- regression2 -->
