<?xml version="1.0" encoding="UTF-8"?>
<!-- Generated by org.testng.reporters.JUnitXMLReporter -->
<testsuite hostname="Saran" ignored="0" name="regression1" tests="3" failures="1" timestamp="2021-07-12T18:22:39 IST" time="91.493" errors="0">
  <testcase name="login" time="20.576" classname="com.sra.qa.Testcases.Accountantansflow"/>
  <testcase name="delegateaccountant" time="37.512" classname="com.sra.qa.Testcases.Accountantansflow"/>
  <testcase name="answerflow" time="27.905" classname="com.sra.qa.Testcases.Accountantansflow">
    <failure type="java.lang.IndexOutOfBoundsException" message="Index: 0, Size: 0">
      <![CDATA[java.lang.IndexOutOfBoundsException: Index: 0, Size: 0
at java.util.ArrayList.rangeCheck(Unknown Source)
at java.util.ArrayList.get(Unknown Source)
at com.sra.qa.Testcases.Accountantansflow.answerflow(Accountantansflow.java:147)
at java.util.ArrayList.forEach(Unknown Source)
... Removed 27 stack frames]]>
    </failure>
  </testcase> <!-- answerflow -->
</testsuite> <!-- regression1 -->
